0 info it worked if it ends with ok
1 verbose cli [ '/usr/bin/node',
1 verbose cli   '/usr/bin/npm',
1 verbose cli   'install',
1 verbose cli   'connect-busyboy',
1 verbose cli   '--save' ]
2 info using npm@1.4.28
3 info using node@v0.10.33
4 verbose node symlink /usr/bin/node
5 warn package.json crypto@0.0.3 crypto is also the name of a node core module.
6 verbose readDependencies using package.json deps
7 verbose cache add [ 'connect-busyboy', null ]
8 verbose cache add name=undefined spec="connect-busyboy" args=["connect-busyboy",null]
9 verbose parsed url { protocol: null,
9 verbose parsed url   slashes: null,
9 verbose parsed url   auth: null,
9 verbose parsed url   host: null,
9 verbose parsed url   port: null,
9 verbose parsed url   hostname: null,
9 verbose parsed url   hash: null,
9 verbose parsed url   search: null,
9 verbose parsed url   query: null,
9 verbose parsed url   pathname: 'connect-busyboy',
9 verbose parsed url   path: 'connect-busyboy',
9 verbose parsed url   href: 'connect-busyboy' }
10 silly lockFile f9970138-connect-busyboy connect-busyboy
11 verbose lock connect-busyboy /home/sami/.npm/f9970138-connect-busyboy.lock
12 silly lockFile f9970138-connect-busyboy connect-busyboy
13 silly lockFile f9970138-connect-busyboy connect-busyboy
14 verbose addNamed [ 'connect-busyboy', '' ]
15 verbose addNamed [ null, '*' ]
16 silly lockFile 62018a76-connect-busyboy connect-busyboy@
17 verbose lock connect-busyboy@ /home/sami/.npm/62018a76-connect-busyboy.lock
18 silly addNameRange { name: 'connect-busyboy', range: '*', hasData: false }
19 verbose request where is /connect-busyboy
20 verbose request registry https://registry.npmjs.org/
21 verbose request id cd5de47ace1731a4
22 verbose url raw /connect-busyboy
23 verbose url resolving [ 'https://registry.npmjs.org/', './connect-busyboy' ]
24 verbose url resolved https://registry.npmjs.org/connect-busyboy
25 verbose request where is https://registry.npmjs.org/connect-busyboy
26 info trying registry request attempt 1 at 07:49:01
27 http GET https://registry.npmjs.org/connect-busyboy
28 http 404 https://registry.npmjs.org/connect-busyboy
29 verbose headers { date: 'Thu, 25 Dec 2014 15:49:15 GMT',
29 verbose headers   server: 'CouchDB/1.5.0 (Erlang OTP/R14B04)',
29 verbose headers   'content-type': 'application/json',
29 verbose headers   'cache-control': 'max-age=0',
29 verbose headers   'content-length': '52',
29 verbose headers   'accept-ranges': 'bytes',
29 verbose headers   via: '1.1 varnish',
29 verbose headers   age: '0',
29 verbose headers   'x-served-by': 'cache-fra1235-FRA',
29 verbose headers   'x-cache': 'MISS',
29 verbose headers   'x-cache-hits': '0',
29 verbose headers   'x-timer': 'S1419522555.058537,VS0,VE427',
29 verbose headers   'keep-alive': 'timeout=10, max=50',
29 verbose headers   connection: 'Keep-Alive' }
30 silly registry.get cb [ 404,
30 silly registry.get   { date: 'Thu, 25 Dec 2014 15:49:15 GMT',
30 silly registry.get     server: 'CouchDB/1.5.0 (Erlang OTP/R14B04)',
30 silly registry.get     'content-type': 'application/json',
30 silly registry.get     'cache-control': 'max-age=0',
30 silly registry.get     'content-length': '52',
30 silly registry.get     'accept-ranges': 'bytes',
30 silly registry.get     via: '1.1 varnish',
30 silly registry.get     age: '0',
30 silly registry.get     'x-served-by': 'cache-fra1235-FRA',
30 silly registry.get     'x-cache': 'MISS',
30 silly registry.get     'x-cache-hits': '0',
30 silly registry.get     'x-timer': 'S1419522555.058537,VS0,VE427',
30 silly registry.get     'keep-alive': 'timeout=10, max=50',
30 silly registry.get     connection: 'Keep-Alive' } ]
31 silly lockFile 62018a76-connect-busyboy connect-busyboy@
32 silly lockFile 62018a76-connect-busyboy connect-busyboy@
33 error 404 404 Not Found: connect-busyboy
33 error 404
33 error 404 'connect-busyboy' is not in the npm registry.
33 error 404 You should bug the author to publish it
33 error 404 It was specified as a dependency of 'atm'
33 error 404
33 error 404 Note that you can also install from a
33 error 404 tarball, folder, or http url, or git url.
34 error System Linux 3.13.0-29-generic
35 error command "/usr/bin/node" "/usr/bin/npm" "install" "connect-busyboy" "--save"
36 error cwd /home/sami/atm
37 error node -v v0.10.33
38 error npm -v 1.4.28
39 error code E404
40 verbose exit [ 1, true ]
